

Started GET "/" for ::1 at 2015-11-14 13:22:48 -0500
Processing by Rails::WelcomeController#index as HTML
  Rendered c:/Ruby22/lib/ruby/gems/2.2.0/gems/railties-4.2.5/lib/rails/templates/rails/welcome/index.html.erb (2.5ms)
Completed 200 OK in 48ms (Views: 36.0ms | ActiveRecord: 0.0ms)


Started GET "/" for ::1 at 2015-11-14 13:33:23 -0500
Processing by WelcomeController#index as HTML
  Rendered welcome/index.html.erb within layouts/application (5.0ms)
Completed 200 OK in 1915ms (Views: 1903.6ms | ActiveRecord: 0.0ms)


Started GET "/assets/welcome.self-e3b0c44298fc1c149afbf4c8996fb92427ae41e4649b934ca495991b7852b855.css?body=1" for ::1 at 2015-11-14 13:33:25 -0500


Started GET "/assets/application.self-e80e8f2318043e8af94dddc2adad5a4f09739a8ebb323b3ab31cd71d45fd9113.css?body=1" for ::1 at 2015-11-14 13:33:25 -0500


Started GET "/assets/jquery.self-a714331225dda820228db323939889f149aec0127aeb06255646b616ba1ca419.js?body=1" for ::1 at 2015-11-14 13:33:25 -0500


Started GET "/assets/jquery_ujs.self-d456baa54c1fa6be2ec3711f0a72ddf7a5b2f34a6b4f515f33767d6207b7d4b3.js?body=1" for ::1 at 2015-11-14 13:33:25 -0500


Started GET "/assets/turbolinks.self-c37727e9bd6b2735da5c311aa83fead54ed0be6cc8bd9a65309e9c5abe2cbfff.js?body=1" for ::1 at 2015-11-14 13:33:25 -0500


Started GET "/assets/welcome.self-877aef30ae1b040ab8a3aba4e3e309a11d7f2612f44dde450b5c157aa5f95c05.js?body=1" for ::1 at 2015-11-14 13:33:25 -0500


Started GET "/assets/application.self-3b8dabdc891efe46b9a144b400ad69e37d7e5876bdc39dee783419a69d7ca819.js?body=1" for ::1 at 2015-11-14 13:33:25 -0500


Started GET "/" for ::1 at 2015-11-14 14:04:31 -0500

Gem::LoadError (Specified 'sqlite3' for database adapter, but the gem is not loaded. Add `gem 'sqlite3'` to your Gemfile (and ensure its version is at the minimum required by ActiveRecord).):
  activerecord (4.2.5) lib/active_record/connection_adapters/connection_specification.rb:177:in `rescue in spec'
  activerecord (4.2.5) lib/active_record/connection_adapters/connection_specification.rb:174:in `spec'
  activerecord (4.2.5) lib/active_record/connection_handling.rb:50:in `establish_connection'
  activerecord (4.2.5) lib/active_record/railtie.rb:120:in `block (2 levels) in <class:Railtie>'
  activesupport (4.2.5) lib/active_support/lazy_load_hooks.rb:38:in `instance_eval'
  activesupport (4.2.5) lib/active_support/lazy_load_hooks.rb:38:in `execute_hook'
  activesupport (4.2.5) lib/active_support/lazy_load_hooks.rb:45:in `block in run_load_hooks'
  activesupport (4.2.5) lib/active_support/lazy_load_hooks.rb:44:in `each'
  activesupport (4.2.5) lib/active_support/lazy_load_hooks.rb:44:in `run_load_hooks'
  activerecord (4.2.5) lib/active_record/base.rb:315:in `<module:ActiveRecord>'
  activerecord (4.2.5) lib/active_record/base.rb:26:in `<top (required)>'
  activerecord (4.2.5) lib/active_record/migration.rb:383:in `connection'
  activerecord (4.2.5) lib/active_record/migration.rb:370:in `call'
  actionpack (4.2.5) lib/action_dispatch/middleware/callbacks.rb:29:in `block in call'
  activesupport (4.2.5) lib/active_support/callbacks.rb:88:in `__run_callbacks__'
  activesupport (4.2.5) lib/active_support/callbacks.rb:778:in `_run_call_callbacks'
  activesupport (4.2.5) lib/active_support/callbacks.rb:81:in `run_callbacks'
  actionpack (4.2.5) lib/action_dispatch/middleware/callbacks.rb:27:in `call'
  actionpack (4.2.5) lib/action_dispatch/middleware/reloader.rb:73:in `call'
  actionpack (4.2.5) lib/action_dispatch/middleware/remote_ip.rb:78:in `call'
  actionpack (4.2.5) lib/action_dispatch/middleware/debug_exceptions.rb:17:in `call'
  web-console (2.2.1) lib/web_console/middleware.rb:39:in `call'
  actionpack (4.2.5) lib/action_dispatch/middleware/show_exceptions.rb:30:in `call'
  railties (4.2.5) lib/rails/rack/logger.rb:38:in `call_app'
  railties (4.2.5) lib/rails/rack/logger.rb:20:in `block in call'
  activesupport (4.2.5) lib/active_support/tagged_logging.rb:68:in `block in tagged'
  activesupport (4.2.5) lib/active_support/tagged_logging.rb:26:in `tagged'
  activesupport (4.2.5) lib/active_support/tagged_logging.rb:68:in `tagged'
  railties (4.2.5) lib/rails/rack/logger.rb:20:in `call'
  actionpack (4.2.5) lib/action_dispatch/middleware/request_id.rb:21:in `call'
  rack (1.6.4) lib/rack/methodoverride.rb:22:in `call'
  rack (1.6.4) lib/rack/runtime.rb:18:in `call'
  activesupport (4.2.5) lib/active_support/cache/strategy/local_cache_middleware.rb:28:in `call'
  rack (1.6.4) lib/rack/lock.rb:17:in `call'
  actionpack (4.2.5) lib/action_dispatch/middleware/static.rb:116:in `call'
  rack (1.6.4) lib/rack/sendfile.rb:113:in `call'
  railties (4.2.5) lib/rails/engine.rb:518:in `call'
  railties (4.2.5) lib/rails/application.rb:165:in `call'
  rack (1.6.4) lib/rack/content_length.rb:15:in `call'
  puma (2.15.3) lib/puma/server.rb:541:in `handle_request'
  puma (2.15.3) lib/puma/server.rb:388:in `process_client'
  puma (2.15.3) lib/puma/server.rb:270:in `block in run'
  puma (2.15.3) lib/puma/thread_pool.rb:106:in `call'
  puma (2.15.3) lib/puma/thread_pool.rb:106:in `block in spawn_thread'


  Rendered c:/Ruby22/lib/ruby/gems/2.2.0/gems/actionpack-4.2.5/lib/action_dispatch/middleware/templates/rescues/_source.erb (0.0ms)
  Rendered c:/Ruby22/lib/ruby/gems/2.2.0/gems/actionpack-4.2.5/lib/action_dispatch/middleware/templates/rescues/_trace.html.erb (2.5ms)
  Rendered c:/Ruby22/lib/ruby/gems/2.2.0/gems/actionpack-4.2.5/lib/action_dispatch/middleware/templates/rescues/_request_and_response.html.erb (0.0ms)
  Rendered c:/Ruby22/lib/ruby/gems/2.2.0/gems/actionpack-4.2.5/lib/action_dispatch/middleware/templates/rescues/diagnostics.html.erb within rescues/layout (537.5ms)
  Rendered c:/Ruby22/lib/ruby/gems/2.2.0/gems/web-console-2.2.1/lib/web_console/templates/_markup.html.erb (0.0ms)
  Rendered c:/Ruby22/lib/ruby/gems/2.2.0/gems/web-console-2.2.1/lib/web_console/templates/_inner_console_markup.html.erb within layouts/inlined_string (0.0ms)
  Rendered c:/Ruby22/lib/ruby/gems/2.2.0/gems/web-console-2.2.1/lib/web_console/templates/_prompt_box_markup.html.erb within layouts/inlined_string (0.0ms)
  Rendered c:/Ruby22/lib/ruby/gems/2.2.0/gems/web-console-2.2.1/lib/web_console/templates/style.css.erb within layouts/inlined_string (0.0ms)
  Rendered c:/Ruby22/lib/ruby/gems/2.2.0/gems/web-console-2.2.1/lib/web_console/templates/console.js.erb within layouts/javascript (510.0ms)
  Rendered c:/Ruby22/lib/ruby/gems/2.2.0/gems/web-console-2.2.1/lib/web_console/templates/main.js.erb within layouts/javascript (0.0ms)
  Rendered c:/Ruby22/lib/ruby/gems/2.2.0/gems/web-console-2.2.1/lib/web_console/templates/error_page.js.erb within layouts/javascript (0.0ms)
  Rendered c:/Ruby22/lib/ruby/gems/2.2.0/gems/web-console-2.2.1/lib/web_console/templates/index.html.erb (1197.5ms)
